<?xml version="1.0" encoding="UTF-8"?>
<!-- Generated by org.testng.reporters.JUnitXMLReporter -->
<testsuite hostname="Jarell-PC" ignored="0" name="Default test" tests="3" failures="0" timestamp="2020-01-28T19:59:03 CST" time="20.111" errors="0">
  <testcase name="loginAsNewUser" time="16.669" classname="com.mindtree.selenium.webDriver.testNG.UserBuy"/>
  <testcase name="addRandomItemToCart" time="2.394" classname="com.mindtree.selenium.webDriver.testNG.UserBuy"/>
  <testcase name="placeOrder" time="1.009" classname="com.mindtree.selenium.webDriver.testNG.UserBuy"/>
</testsuite> <!-- Default test -->
