<?xml version="1.0" encoding="UTF-8"?>
<!-- Generated by org.testng.reporters.JUnitXMLReporter -->
<testsuite hostname="Jarell-PC" ignored="0" name="Default test" tests="5" failures="0" timestamp="2020-02-01T18:34:41 CST" time="52.756" errors="0">
  <testcase name="openAll" time="0.789" classname="com.mindtree.selenium.webDriver.testNG.MenuTest"/>
  <testcase name="openBeds" time="0.106" classname="com.mindtree.selenium.webDriver.testNG.MenuTest"/>
  <testcase name="openChairs" time="0.077" classname="com.mindtree.selenium.webDriver.testNG.MenuTest"/>
  <testcase name="openSofas" time="0.094" classname="com.mindtree.selenium.webDriver.testNG.MenuTest"/>
  <testcase name="openTables" time="0.068" classname="com.mindtree.selenium.webDriver.testNG.MenuTest"/>
</testsuite> <!-- Default test -->
