<?xml version="1.0" encoding="UTF-8"?>
<testng-results skipped="0" failed="0" ignored="0" total="3" passed="3">
  <reporter-output>
  </reporter-output>
  <suite name="Default suite" duration-ms="20111" started-at="2020-01-28T19:58:43 CST" finished-at="2020-01-28T19:59:03 CST">
    <groups>
    </groups>
    <test name="Default test" duration-ms="20111" started-at="2020-01-28T19:58:43 CST" finished-at="2020-01-28T19:59:03 CST">
      <class name="com.mindtree.selenium.webDriver.testNG.UserBuy">
        <test-method status="PASS" signature="loginAsNewUser()[pri:0, instance:com.mindtree.selenium.webDriver.testNG.UserBuy@7d70d1b1]" name="loginAsNewUser" duration-ms="16669" started-at="2020-01-28T19:58:43 CST" finished-at="2020-01-28T19:59:00 CST">
          <reporter-output>
          </reporter-output>
        </test-method> <!-- loginAsNewUser -->
        <test-method status="PASS" signature="addRandomItemToCart()[pri:0, instance:com.mindtree.selenium.webDriver.testNG.UserBuy@7d70d1b1]" name="addRandomItemToCart" duration-ms="2394" started-at="2020-01-28T19:59:00 CST" depends-on-methods="com.mindtree.selenium.webDriver.testNG.UserBuy.loginAsNewUser" finished-at="2020-01-28T19:59:02 CST">
          <reporter-output>
          </reporter-output>
        </test-method> <!-- addRandomItemToCart -->
        <test-method status="PASS" signature="placeOrder()[pri:0, instance:com.mindtree.selenium.webDriver.testNG.UserBuy@7d70d1b1]" name="placeOrder" duration-ms="1009" started-at="2020-01-28T19:59:02 CST" depends-on-methods="com.mindtree.selenium.webDriver.testNG.UserBuy.addRandomItemToCart" finished-at="2020-01-28T19:59:03 CST">
          <reporter-output>
          </reporter-output>
        </test-method> <!-- placeOrder -->
        <test-method status="PASS" signature="close()[pri:0, instance:com.mindtree.selenium.webDriver.testNG.UserBuy@7d70d1b1]" name="close" is-config="true" duration-ms="1" started-at="2020-01-28T19:59:03 CST" finished-at="2020-01-28T19:59:03 CST">
          <reporter-output>
          </reporter-output>
        </test-method> <!-- close -->
      </class> <!-- com.mindtree.selenium.webDriver.testNG.UserBuy -->
    </test> <!-- Default test -->
  </suite> <!-- Default suite -->
</testng-results>
