<?xml version="1.0" encoding="UTF-8"?>
<testng-results skipped="0" failed="0" ignored="0" total="3" passed="3">
  <reporter-output>
  </reporter-output>
  <suite name="Default suite" duration-ms="28116" started-at="2020-02-02T21:22:46 CST" finished-at="2020-02-02T21:23:15 CST">
    <groups>
    </groups>
    <test name="Default test" duration-ms="28116" started-at="2020-02-02T21:22:46 CST" finished-at="2020-02-02T21:23:15 CST">
      <class name="com.mindtree.selenium.webDriver.testNG.UserBuy">
        <test-method status="PASS" signature="loginAsNewUser()[pri:0, instance:com.mindtree.selenium.webDriver.testNG.UserBuy@45b4c3a9]" name="loginAsNewUser" duration-ms="17136" started-at="2020-02-02T21:22:46 CST" finished-at="2020-02-02T21:23:04 CST">
          <reporter-output>
          </reporter-output>
        </test-method> <!-- loginAsNewUser -->
        <test-method status="PASS" signature="addRandomItemToCart()[pri:0, instance:com.mindtree.selenium.webDriver.testNG.UserBuy@45b4c3a9]" name="addRandomItemToCart" duration-ms="5070" started-at="2020-02-02T21:23:04 CST" depends-on-methods="com.mindtree.selenium.webDriver.testNG.UserBuy.loginAsNewUser" finished-at="2020-02-02T21:23:09 CST">
          <reporter-output>
          </reporter-output>
        </test-method> <!-- addRandomItemToCart -->
        <test-method status="PASS" signature="placeOrder()[pri:0, instance:com.mindtree.selenium.webDriver.testNG.UserBuy@45b4c3a9]" name="placeOrder" duration-ms="3154" started-at="2020-02-02T21:23:09 CST" depends-on-methods="com.mindtree.selenium.webDriver.testNG.UserBuy.addRandomItemToCart" finished-at="2020-02-02T21:23:12 CST">
          <reporter-output>
          </reporter-output>
        </test-method> <!-- placeOrder -->
        <test-method status="PASS" signature="close()[pri:0, instance:com.mindtree.selenium.webDriver.testNG.UserBuy@45b4c3a9]" name="close" is-config="true" duration-ms="2718" started-at="2020-02-02T21:23:12 CST" finished-at="2020-02-02T21:23:15 CST">
          <reporter-output>
          </reporter-output>
        </test-method> <!-- close -->
      </class> <!-- com.mindtree.selenium.webDriver.testNG.UserBuy -->
    </test> <!-- Default test -->
  </suite> <!-- Default suite -->
</testng-results>
