<?xml version="1.0" encoding="UTF-8"?>
<!-- Generated by org.testng.reporters.JUnitXMLReporter -->
<testsuite hostname="Jarell-PC" ignored="2" name="TestNG features" tests="8" failures="0" timestamp="2019-09-29T14:10:52 CDT" time="0.061" errors="0">
  <testcase name="f1" time="0.009" classname="testNG.TestGrouping"/>
  <testcase name="f2" time="0.001" classname="testNG.TestGrouping"/>
  <testcase name="f3" time="0.001" classname="testNG.TestGrouping"/>
  <testcase name="f5" time="0.001" classname="testNG.TestGrouping"/>
  <testcase name="g1" time="0.002" classname="testNG.TestGroupingNew"/>
  <testcase name="g2" time="0.001" classname="testNG.TestGroupingNew"/>
  <testcase name="g4" time="0.001" classname="testNG.TestGroupingNew"/>
  <testcase name="g5" time="0.001" classname="testNG.TestGroupingNew"/>
  <testcase name="g3" time="0.0" classname="testNG.TestGroupingNew">
    <ignored/>
  </testcase> <!-- g3 -->
  <testcase name="f4" time="0.0" classname="testNG.TestGrouping">
    <ignored/>
  </testcase> <!-- f4 -->
</testsuite> <!-- TestNG features -->
